<?xml version="1.0" encoding="UTF-8"?>
<testng-results ignored="0" total="1" passed="0" failed="1" skipped="0">
  <reporter-output>
  </reporter-output>
  <suite started-at="2022-06-15T09:55:38 IST" name="Default suite" finished-at="2022-06-15T09:56:24 IST" duration-ms="46573">
    <groups>
      <group name="regressionTest">
        <method signature="Campaign1Test.createcampaign()[pri:0, instance:com.bluebird.comcast.campaignTest.Campaign1Test@17497425]" name="createcampaign" class="com.bluebird.comcast.campaignTest.Campaign1Test"/>
      </group> <!-- regressionTest -->
      <group name="smokeTest">
        <method signature="Campaign1Test.createcampaign()[pri:0, instance:com.bluebird.comcast.campaignTest.Campaign1Test@17497425]" name="createcampaign" class="com.bluebird.comcast.campaignTest.Campaign1Test"/>
      </group> <!-- smokeTest -->
    </groups>
    <test started-at="2022-06-15T09:55:38 IST" name="Default test" finished-at="2022-06-15T09:56:24 IST" duration-ms="46573">
      <class name="com.bluebird.comcast.campaignTest.Campaign1Test">
        <test-method is-config="true" signature="beforesuite()[pri:0, instance:com.bluebird.comcast.campaignTest.Campaign1Test@17497425]" started-at="2022-06-15T09:55:38 IST" name="beforesuite" finished-at="2022-06-15T09:55:38 IST" duration-ms="17" status="PASS">
          <reporter-output>
          </reporter-output>
        </test-method> <!-- beforesuite -->
        <test-method is-config="true" signature="beforetest()[pri:0, instance:com.bluebird.comcast.campaignTest.Campaign1Test@17497425]" started-at="2022-06-15T09:55:38 IST" name="beforetest" finished-at="2022-06-15T09:55:38 IST" duration-ms="0" status="PASS">
          <reporter-output>
          </reporter-output>
        </test-method> <!-- beforetest -->
        <test-method is-config="true" signature="beforeclass()[pri:0, instance:com.bluebird.comcast.campaignTest.Campaign1Test@17497425]" started-at="2022-06-15T09:55:38 IST" name="beforeclass" finished-at="2022-06-15T09:55:49 IST" duration-ms="11292" status="PASS">
          <reporter-output>
          </reporter-output>
        </test-method> <!-- beforeclass -->
        <test-method is-config="true" signature="beforemethod()[pri:0, instance:com.bluebird.comcast.campaignTest.Campaign1Test@17497425]" started-at="2022-06-15T09:55:49 IST" name="beforemethod" finished-at="2022-06-15T09:55:58 IST" duration-ms="8269" status="PASS">
          <reporter-output>
          </reporter-output>
        </test-method> <!-- beforemethod -->
        <test-method signature="createcampaign()[pri:0, instance:com.bluebird.comcast.campaignTest.Campaign1Test@17497425]" started-at="2022-06-15T09:55:58 IST" name="createcampaign" finished-at="2022-06-15T09:56:21 IST" duration-ms="23044" status="FAIL">
          <exception class="java.lang.AssertionError">
            <message>
              <![CDATA[expected [pass67] but found [[ CAM64 ] pass67 - Campaign Information]]]>
            </message>
            <full-stacktrace>
              <![CDATA[java.lang.AssertionError: expected [pass67] but found [[ CAM64 ] pass67 - Campaign Information]
at org.testng.Assert.fail(Assert.java:99)
at org.testng.Assert.failNotEquals(Assert.java:1037)
at org.testng.Assert.assertEqualsImpl(Assert.java:140)
at org.testng.Assert.assertEquals(Assert.java:122)
at org.testng.Assert.assertEquals(Assert.java:629)
at org.testng.Assert.assertEquals(Assert.java:639)
at com.bluebird.comcast.campaignTest.Campaign1Test.createcampaign(Campaign1Test.java:36)
at java.base/jdk.internal.reflect.NativeMethodAccessorImpl.invoke0(Native Method)
at java.base/jdk.internal.reflect.NativeMethodAccessorImpl.invoke(NativeMethodAccessorImpl.java:78)
at java.base/jdk.internal.reflect.DelegatingMethodAccessorImpl.invoke(DelegatingMethodAccessorImpl.java:43)
at java.base/java.lang.reflect.Method.invoke(Method.java:567)
at org.testng.internal.MethodInvocationHelper.invokeMethod(MethodInvocationHelper.java:133)
at org.testng.internal.TestInvoker.invokeMethod(TestInvoker.java:598)
at org.testng.internal.TestInvoker.invokeTestMethod(TestInvoker.java:173)
at org.testng.internal.MethodRunner.runInSequence(MethodRunner.java:46)
at org.testng.internal.TestInvoker$MethodInvocationAgent.invoke(TestInvoker.java:824)
at org.testng.internal.TestInvoker.invokeTestMethods(TestInvoker.java:146)
at org.testng.internal.TestMethodWorker.invokeTestMethods(TestMethodWorker.java:146)
at org.testng.internal.TestMethodWorker.run(TestMethodWorker.java:128)
at java.base/java.util.ArrayList.forEach(ArrayList.java:1511)
at org.testng.TestRunner.privateRun(TestRunner.java:794)
at org.testng.TestRunner.run(TestRunner.java:596)
at org.testng.SuiteRunner.runTest(SuiteRunner.java:377)
at org.testng.SuiteRunner.runSequentially(SuiteRunner.java:371)
at org.testng.SuiteRunner.privateRun(SuiteRunner.java:332)
at org.testng.SuiteRunner.run(SuiteRunner.java:276)
at org.testng.SuiteRunnerWorker.runSuite(SuiteRunnerWorker.java:53)
at org.testng.SuiteRunnerWorker.run(SuiteRunnerWorker.java:96)
at org.testng.TestNG.runSuitesSequentially(TestNG.java:1212)
at org.testng.TestNG.runSuitesLocally(TestNG.java:1134)
at org.testng.TestNG.runSuites(TestNG.java:1063)
at org.testng.TestNG.run(TestNG.java:1031)
at org.testng.remote.AbstractRemoteTestNG.run(AbstractRemoteTestNG.java:115)
at org.testng.remote.RemoteTestNG.initAndRun(RemoteTestNG.java:251)
at org.testng.remote.RemoteTestNG.main(RemoteTestNG.java:77)
]]>
            </full-stacktrace>
          </exception> <!-- java.lang.AssertionError -->
          <reporter-output>
          </reporter-output>
        </test-method> <!-- createcampaign -->
        <test-method is-config="true" signature="aftermethod()[pri:0, instance:com.bluebird.comcast.campaignTest.Campaign1Test@17497425]" started-at="2022-06-15T09:56:21 IST" name="aftermethod" finished-at="2022-06-15T09:56:23 IST" duration-ms="2405" status="PASS">
          <reporter-output>
          </reporter-output>
        </test-method> <!-- aftermethod -->
        <test-method is-config="true" signature="afterclass()[pri:0, instance:com.bluebird.comcast.campaignTest.Campaign1Test@17497425]" started-at="2022-06-15T09:56:23 IST" name="afterclass" finished-at="2022-06-15T09:56:24 IST" duration-ms="1226" status="PASS">
          <reporter-output>
          </reporter-output>
        </test-method> <!-- afterclass -->
        <test-method is-config="true" signature="aftertest()[pri:0, instance:com.bluebird.comcast.campaignTest.Campaign1Test@17497425]" started-at="2022-06-15T09:56:24 IST" name="aftertest" finished-at="2022-06-15T09:56:24 IST" duration-ms="0" status="PASS">
          <reporter-output>
          </reporter-output>
        </test-method> <!-- aftertest -->
        <test-method is-config="true" signature="aftersuite()[pri:0, instance:com.bluebird.comcast.campaignTest.Campaign1Test@17497425]" started-at="2022-06-15T09:56:24 IST" name="aftersuite" finished-at="2022-06-15T09:56:24 IST" duration-ms="1" status="PASS">
          <reporter-output>
          </reporter-output>
        </test-method> <!-- aftersuite -->
      </class> <!-- com.bluebird.comcast.campaignTest.Campaign1Test -->
    </test> <!-- Default test -->
  </suite> <!-- Default suite -->
</testng-results>
